2015-02-27 14:53:33 [127.0.0.1][-][-][error][yii\db\Exception] exception 'PDOException' with message 'SQLSTATE[42S02]: Base table or view not found: 1146 Table 'yii2_zivk.auth_item' doesn't exist' in W:\domains\localhost\Yii2\ccProjects\forGit\zivkY2test1\_protected\vendor\yiisoft\yii2\db\Command.php:821
Stack trace:
#0 W:\domains\localhost\Yii2\ccProjects\forGit\zivkY2test1\_protected\vendor\yiisoft\yii2\db\Command.php(821): PDOStatement->execute()
#1 W:\domains\localhost\Yii2\ccProjects\forGit\zivkY2test1\_protected\vendor\yiisoft\yii2\db\Command.php(364): yii\db\Command->queryInternal('fetch', NULL)
#2 W:\domains\localhost\Yii2\ccProjects\forGit\zivkY2test1\_protected\vendor\yiisoft\yii2\db\Query.php(243): yii\db\Command->queryOne()
#3 W:\domains\localhost\Yii2\ccProjects\forGit\zivkY2test1\_protected\vendor\yiisoft\yii2\rbac\DbManager.php(130): yii\db\Query->one(Object(yii\db\Connection))
#4 W:\domains\localhost\Yii2\ccProjects\forGit\zivkY2test1\_protected\vendor\yiisoft\yii2\rbac\DbManager.php(95): yii\rbac\DbManager->getItem('admin')
#5 W:\domains\localhost\Yii2\ccProjects\forGit\zivkY2test1\_protected\vendor\yiisoft\yii2\rbac\DbManager.php(78): yii\rbac\DbManager->checkAccessRecursive(NULL, 'admin', Array, Array)
#6 W:\domains\localhost\Yii2\ccProjects\forGit\zivkY2test1\_protected\vendor\yiisoft\yii2\web\User.php(662): yii\rbac\DbManager->checkAccess(NULL, 'admin', Array)
#7 W:\domains\localhost\Yii2\ccProjects\forGit\zivkY2test1\_protected\views\layouts\main.php(40): yii\web\User->can('admin')
#8 W:\domains\localhost\Yii2\ccProjects\forGit\zivkY2test1\_protected\vendor\yiisoft\yii2\base\View.php(325): require('W:\\domains\\loca...')
#9 W:\domains\localhost\Yii2\ccProjects\forGit\zivkY2test1\_protected\vendor\yiisoft\yii2\base\View.php(247): yii\base\View->renderPhpFile('W:\\domains\\loca...', Array)
#10 W:\domains\localhost\Yii2\ccProjects\forGit\zivkY2test1\_protected\vendor\yiisoft\yii2\base\Controller.php(382): yii\base\View->renderFile('W:\\domains\\loca...', Array, Object(app\controllers\SiteController))
#11 W:\domains\localhost\Yii2\ccProjects\forGit\zivkY2test1\_protected\vendor\yiisoft\yii2\base\Controller.php(368): yii\base\Controller->renderContent('<div class="sit...')
#12 W:\domains\localhost\Yii2\ccProjects\forGit\zivkY2test1\_protected\controllers\SiteController.php(89): yii\base\Controller->render('index')
#13 [internal function]: app\controllers\SiteController->actionIndex()
#14 W:\domains\localhost\Yii2\ccProjects\forGit\zivkY2test1\_protected\vendor\yiisoft\yii2\base\InlineAction.php(55): call_user_func_array(Array, Array)
#15 W:\domains\localhost\Yii2\ccProjects\forGit\zivkY2test1\_protected\vendor\yiisoft\yii2\base\Controller.php(151): yii\base\InlineAction->runWithParams(Array)
#16 W:\domains\localhost\Yii2\ccProjects\forGit\zivkY2test1\_protected\vendor\yiisoft\yii2\base\Module.php(455): yii\base\Controller->runAction('', Array)
#17 W:\domains\localhost\Yii2\ccProjects\forGit\zivkY2test1\_protected\vendor\yiisoft\yii2\web\Application.php(83): yii\base\Module->runAction('', Array)
#18 W:\domains\localhost\Yii2\ccProjects\forGit\zivkY2test1\_protected\vendor\yiisoft\yii2\base\Application.php(375): yii\web\Application->handleRequest(Object(yii\web\Request))
#19 W:\domains\localhost\Yii2\ccProjects\forGit\zivkY2test1\index.php(12): yii\base\Application->run()
#20 {main}

Next exception 'yii\db\Exception' with message 'SQLSTATE[42S02]: Base table or view not found: 1146 Table 'yii2_zivk.auth_item' doesn't exist
The SQL being executed was: SELECT * FROM `auth_item` WHERE `name`='admin'' in W:\domains\localhost\Yii2\ccProjects\forGit\zivkY2test1\_protected\vendor\yiisoft\yii2\db\Schema.php:532
Stack trace:
#0 W:\domains\localhost\Yii2\ccProjects\forGit\zivkY2test1\_protected\vendor\yiisoft\yii2\db\Command.php(836): yii\db\Schema->convertException(Object(PDOException), 'SELECT * FROM `...')
#1 W:\domains\localhost\Yii2\ccProjects\forGit\zivkY2test1\_protected\vendor\yiisoft\yii2\db\Command.php(364): yii\db\Command->queryInternal('fetch', NULL)
#2 W:\domains\localhost\Yii2\ccProjects\forGit\zivkY2test1\_protected\vendor\yiisoft\yii2\db\Query.php(243): yii\db\Command->queryOne()
#3 W:\domains\localhost\Yii2\ccProjects\forGit\zivkY2test1\_protected\vendor\yiisoft\yii2\rbac\DbManager.php(130): yii\db\Query->one(Object(yii\db\Connection))
#4 W:\domains\localhost\Yii2\ccProjects\forGit\zivkY2test1\_protected\vendor\yiisoft\yii2\rbac\DbManager.php(95): yii\rbac\DbManager->getItem('admin')
#5 W:\domains\localhost\Yii2\ccProjects\forGit\zivkY2test1\_protected\vendor\yiisoft\yii2\rbac\DbManager.php(78): yii\rbac\DbManager->checkAccessRecursive(NULL, 'admin', Array, Array)
#6 W:\domains\localhost\Yii2\ccProjects\forGit\zivkY2test1\_protected\vendor\yiisoft\yii2\web\User.php(662): yii\rbac\DbManager->checkAccess(NULL, 'admin', Array)
#7 W:\domains\localhost\Yii2\ccProjects\forGit\zivkY2test1\_protected\views\layouts\main.php(40): yii\web\User->can('admin')
#8 W:\domains\localhost\Yii2\ccProjects\forGit\zivkY2test1\_protected\vendor\yiisoft\yii2\base\View.php(325): require('W:\\domains\\loca...')
#9 W:\domains\localhost\Yii2\ccProjects\forGit\zivkY2test1\_protected\vendor\yiisoft\yii2\base\View.php(247): yii\base\View->renderPhpFile('W:\\domains\\loca...', Array)
#10 W:\domains\localhost\Yii2\ccProjects\forGit\zivkY2test1\_protected\vendor\yiisoft\yii2\base\Controller.php(382): yii\base\View->renderFile('W:\\domains\\loca...', Array, Object(app\controllers\SiteController))
#11 W:\domains\localhost\Yii2\ccProjects\forGit\zivkY2test1\_protected\vendor\yiisoft\yii2\base\Controller.php(368): yii\base\Controller->renderContent('<div class="sit...')
#12 W:\domains\localhost\Yii2\ccProjects\forGit\zivkY2test1\_protected\controllers\SiteController.php(89): yii\base\Controller->render('index')
#13 [internal function]: app\controllers\SiteController->actionIndex()
#14 W:\domains\localhost\Yii2\ccProjects\forGit\zivkY2test1\_protected\vendor\yiisoft\yii2\base\InlineAction.php(55): call_user_func_array(Array, Array)
#15 W:\domains\localhost\Yii2\ccProjects\forGit\zivkY2test1\_protected\vendor\yiisoft\yii2\base\Controller.php(151): yii\base\InlineAction->runWithParams(Array)
#16 W:\domains\localhost\Yii2\ccProjects\forGit\zivkY2test1\_protected\vendor\yiisoft\yii2\base\Module.php(455): yii\base\Controller->runAction('', Array)
#17 W:\domains\localhost\Yii2\ccProjects\forGit\zivkY2test1\_protected\vendor\yiisoft\yii2\web\Application.php(83): yii\base\Module->runAction('', Array)
#18 W:\domains\localhost\Yii2\ccProjects\forGit\zivkY2test1\_protected\vendor\yiisoft\yii2\base\Application.php(375): yii\web\Application->handleRequest(Object(yii\web\Request))
#19 W:\domains\localhost\Yii2\ccProjects\forGit\zivkY2test1\index.php(12): yii\base\Application->run()
#20 {main}
Additional Information:
Array
(
    [0] => 42S02
    [1] => 1146
    [2] => Table 'yii2_zivk.auth_item' doesn't exist
)

2015-02-27 14:53:32 [127.0.0.1][-][-][info][application] $_COOKIE = [
    '_csrf' => 'ee16a99ae90b17c9ffee70380cd0796a0ab34bac5b2812829f049e3b1c2ce135s:32:\"Tr3tRQMYgILJLlTK6IdI9dTivpywnpsK\";'
]

$_SERVER = [
    'HTTP_HOST' => 'localhost'
    'HTTP_USER_AGENT' => 'Mozilla/5.0 (Windows NT 6.1; WOW64; rv:36.0) Gecko/20100101 Firefox/36.0'
    'HTTP_ACCEPT' => 'text/html,application/xhtml+xml,application/xml;q=0.9,*/*;q=0.8'
    'HTTP_ACCEPT_LANGUAGE' => 'ru-RU,ru;q=0.8,en-US;q=0.5,en;q=0.3'
    'HTTP_ACCEPT_ENCODING' => 'gzip, deflate'
    'HTTP_DNT' => '1'
    'HTTP_COOKIE' => '_csrf=ee16a99ae90b17c9ffee70380cd0796a0ab34bac5b2812829f049e3b1c2ce135s%3A32%3A%22Tr3tRQMYgILJLlTK6IdI9dTivpywnpsK%22%3B'
    'HTTP_CONNECTION' => 'keep-alive'
    'PATH' => 'W:\\modules\\php\\PHP-5.5\\ext;W:\\modules\\php\\PHP-5.5\\pear;W:\\modules\\php\\PHP-5.5\\pear\\bin;W:\\modules\\imagemagick;W:\\modules\\php\\PHP-5.5;W:\\modules\\database\\MySQL-5.6\\bin;W:\\modules\\http\\Apache-2.4\\bin;W:\\modules\\http\\Apache-2.4;W:\\modules\\wget\\bin;C:\\Windows\\system32;C:\\Windows;C:\\Windows\\system32\\Wbem;C:\\Windows\\SysWOW64'
    'SystemRoot' => 'C:\\Windows'
    'COMSPEC' => 'C:\\Windows\\system32\\cmd.exe'
    'PATHEXT' => '.COM;.EXE;.BAT;.CMD;.VBS;.VBE;.JS;.JSE;.WSF;.WSH;.MSC'
    'WINDIR' => 'C:\\Windows'
    'SERVER_SIGNATURE' => ''
    'SERVER_SOFTWARE' => 'Apache/2.4.9 (Win32)'
    'SERVER_NAME' => 'localhost'
    'SERVER_ADDR' => '127.0.0.1'
    'SERVER_PORT' => '80'
    'REMOTE_ADDR' => '127.0.0.1'
    'DOCUMENT_ROOT' => 'W:/domains/localhost'
    'REQUEST_SCHEME' => 'http'
    'CONTEXT_PREFIX' => ''
    'CONTEXT_DOCUMENT_ROOT' => 'W:/domains/localhost'
    'SERVER_ADMIN' => '[no address given]'
    'SCRIPT_FILENAME' => 'W:/domains/localhost/Yii2/ccProjects/forGit/zivkY2test1/index.php'
    'REMOTE_PORT' => '16763'
    'GATEWAY_INTERFACE' => 'CGI/1.1'
    'SERVER_PROTOCOL' => 'HTTP/1.1'
    'REQUEST_METHOD' => 'GET'
    'QUERY_STRING' => ''
    'REQUEST_URI' => '/Yii2/ccProjects/forGit/zivkY2test1/'
    'SCRIPT_NAME' => '/Yii2/ccProjects/forGit/zivkY2test1/index.php'
    'PHP_SELF' => '/Yii2/ccProjects/forGit/zivkY2test1/index.php'
    'REQUEST_TIME_FLOAT' => 1425034412.954
    'REQUEST_TIME' => 1425034412
    'argv' => []
    'argc' => 0
]
2015-02-27 15:46:28 [127.0.0.1][-][-][error][yii\base\InvalidCallException] exception 'yii\base\InvalidCallException' with message 'Unexpected yii\bootstrap\NavBar::end() call. A matching begin() is not found.' in W:\domains\localhost\Yii2\ccProjects\forGit\zivkY2test1\_protected\vendor\yiisoft\yii2\base\Widget.php:79
Stack trace:
#0 W:\domains\localhost\Yii2\ccProjects\forGit\zivkY2test1\_protected\views\layouts\main.php(74): yii\base\Widget::end()
#1 W:\domains\localhost\Yii2\ccProjects\forGit\zivkY2test1\_protected\vendor\yiisoft\yii2\base\View.php(325): require('W:\\domains\\loca...')
#2 W:\domains\localhost\Yii2\ccProjects\forGit\zivkY2test1\_protected\vendor\yiisoft\yii2\base\View.php(247): yii\base\View->renderPhpFile('W:\\domains\\loca...', Array)
#3 W:\domains\localhost\Yii2\ccProjects\forGit\zivkY2test1\_protected\vendor\yiisoft\yii2\base\Controller.php(382): yii\base\View->renderFile('W:\\domains\\loca...', Array, Object(app\controllers\SiteController))
#4 W:\domains\localhost\Yii2\ccProjects\forGit\zivkY2test1\_protected\vendor\yiisoft\yii2\base\Controller.php(368): yii\base\Controller->renderContent('<div class="sit...')
#5 W:\domains\localhost\Yii2\ccProjects\forGit\zivkY2test1\_protected\controllers\SiteController.php(89): yii\base\Controller->render('index')
#6 [internal function]: app\controllers\SiteController->actionIndex()
#7 W:\domains\localhost\Yii2\ccProjects\forGit\zivkY2test1\_protected\vendor\yiisoft\yii2\base\InlineAction.php(55): call_user_func_array(Array, Array)
#8 W:\domains\localhost\Yii2\ccProjects\forGit\zivkY2test1\_protected\vendor\yiisoft\yii2\base\Controller.php(151): yii\base\InlineAction->runWithParams(Array)
#9 W:\domains\localhost\Yii2\ccProjects\forGit\zivkY2test1\_protected\vendor\yiisoft\yii2\base\Module.php(455): yii\base\Controller->runAction('', Array)
#10 W:\domains\localhost\Yii2\ccProjects\forGit\zivkY2test1\_protected\vendor\yiisoft\yii2\web\Application.php(83): yii\base\Module->runAction('', Array)
#11 W:\domains\localhost\Yii2\ccProjects\forGit\zivkY2test1\_protected\vendor\yiisoft\yii2\base\Application.php(375): yii\web\Application->handleRequest(Object(yii\web\Request))
#12 W:\domains\localhost\Yii2\ccProjects\forGit\zivkY2test1\index.php(12): yii\base\Application->run()
#13 {main}
2015-02-27 15:46:28 [127.0.0.1][-][-][info][application] $_COOKIE = [
    '_csrf' => 'a752ef1ceb5859466c041f5a55c4e1479a703b3d4f2adb8cf68e171086ddbe06s:32:\"L9Lo4_ZckO7Cs7DcguX1dGDff3mcJu5H\";'
]

$_SERVER = [
    'HTTP_HOST' => 'localhost'
    'HTTP_USER_AGENT' => 'Mozilla/5.0 (Windows NT 6.1; WOW64; rv:36.0) Gecko/20100101 Firefox/36.0'
    'HTTP_ACCEPT' => 'text/html,application/xhtml+xml,application/xml;q=0.9,*/*;q=0.8'
    'HTTP_ACCEPT_LANGUAGE' => 'ru-RU,ru;q=0.8,en-US;q=0.5,en;q=0.3'
    'HTTP_ACCEPT_ENCODING' => 'gzip, deflate'
    'HTTP_DNT' => '1'
    'HTTP_COOKIE' => '_csrf=a752ef1ceb5859466c041f5a55c4e1479a703b3d4f2adb8cf68e171086ddbe06s%3A32%3A%22L9Lo4_ZckO7Cs7DcguX1dGDff3mcJu5H%22%3B'
    'HTTP_CONNECTION' => 'keep-alive'
    'PATH' => 'W:\\modules\\php\\PHP-5.5\\ext;W:\\modules\\php\\PHP-5.5\\pear;W:\\modules\\php\\PHP-5.5\\pear\\bin;W:\\modules\\imagemagick;W:\\modules\\php\\PHP-5.5;W:\\modules\\database\\MySQL-5.6\\bin;W:\\modules\\http\\Apache-2.4\\bin;W:\\modules\\http\\Apache-2.4;W:\\modules\\wget\\bin;C:\\Windows\\system32;C:\\Windows;C:\\Windows\\system32\\Wbem;C:\\Windows\\SysWOW64'
    'SystemRoot' => 'C:\\Windows'
    'COMSPEC' => 'C:\\Windows\\system32\\cmd.exe'
    'PATHEXT' => '.COM;.EXE;.BAT;.CMD;.VBS;.VBE;.JS;.JSE;.WSF;.WSH;.MSC'
    'WINDIR' => 'C:\\Windows'
    'SERVER_SIGNATURE' => ''
    'SERVER_SOFTWARE' => 'Apache/2.4.9 (Win32)'
    'SERVER_NAME' => 'localhost'
    'SERVER_ADDR' => '127.0.0.1'
    'SERVER_PORT' => '80'
    'REMOTE_ADDR' => '127.0.0.1'
    'DOCUMENT_ROOT' => 'W:/domains/localhost'
    'REQUEST_SCHEME' => 'http'
    'CONTEXT_PREFIX' => ''
    'CONTEXT_DOCUMENT_ROOT' => 'W:/domains/localhost'
    'SERVER_ADMIN' => '[no address given]'
    'SCRIPT_FILENAME' => 'W:/domains/localhost/Yii2/ccProjects/forGit/zivkY2test1/index.php'
    'REMOTE_PORT' => '17523'
    'GATEWAY_INTERFACE' => 'CGI/1.1'
    'SERVER_PROTOCOL' => 'HTTP/1.1'
    'REQUEST_METHOD' => 'GET'
    'QUERY_STRING' => ''
    'REQUEST_URI' => '/Yii2/ccProjects/forGit/zivkY2test1/'
    'SCRIPT_NAME' => '/Yii2/ccProjects/forGit/zivkY2test1/index.php'
    'PHP_SELF' => '/Yii2/ccProjects/forGit/zivkY2test1/index.php'
    'REQUEST_TIME_FLOAT' => 1425037588.075
    'REQUEST_TIME' => 1425037588
    'argv' => []
    'argc' => 0
]
